C:\USERS\SMS_ADMIN\DOCUMENTS\VISUAL STUDIO 2012\PROJECTS\LESSON48\DEBUG\ARCBALL.OBJ
C:\USERS\SMS_ADMIN\DOCUMENTS\VISUAL STUDIO 2012\PROJECTS\LESSON48\DEBUG\IMAGELOADER.OBJ
C:\USERS\SMS_ADMIN\DOCUMENTS\VISUAL STUDIO 2012\PROJECTS\LESSON48\DEBUG\TRACKINGBALL.OBJ
C:\USERS\SMS_ADMIN\DOCUMENTS\VISUAL STUDIO 2012\PROJECTS\LESSON48\DEBUG\UTILITY.OBJ
C:\USERS\SMS_ADMIN\DOCUMENTS\VISUAL STUDIO 2012\PROJECTS\LESSON48\DEBUG\VC110.PDB
C:\USERS\SMS_ADMIN\DOCUMENTS\VISUAL STUDIO 2012\PROJECTS\LESSON48\DEBUG\LESSON48.ILK
C:\USERS\SMS_ADMIN\DOCUMENTS\VISUAL STUDIO 2012\PROJECTS\LESSON48\DEBUG\LESSON48.EXE
C:\USERS\SMS_ADMIN\DOCUMENTS\VISUAL STUDIO 2012\PROJECTS\LESSON48\DEBUG\HOMEWORK1.PDB
C:\Users\sms_admin\Documents\Visual Studio 2012\Projects\Lesson48\Debug\ArcBall.obj
C:\Users\sms_admin\Documents\Visual Studio 2012\Projects\Lesson48\Debug\imageloader.obj
C:\Users\sms_admin\Documents\Visual Studio 2012\Projects\Lesson48\Debug\TrackingBall.obj
C:\Users\sms_admin\Documents\Visual Studio 2012\Projects\Lesson48\Debug\Utility.obj
C:\Users\sms_admin\Documents\Visual Studio 2012\Projects\Lesson48\Debug\Lesson48.ilk
C:\Users\sms_admin\Documents\Visual Studio 2012\Projects\Lesson48\Debug\cl.command.1.tlog
C:\Users\sms_admin\Documents\Visual Studio 2012\Projects\Lesson48\Debug\CL.read.1.tlog
C:\Users\sms_admin\Documents\Visual Studio 2012\Projects\Lesson48\Debug\CL.write.1.tlog
C:\Users\sms_admin\Documents\Visual Studio 2012\Projects\Lesson48\Debug\link-cvtres.read.1.tlog
C:\Users\sms_admin\Documents\Visual Studio 2012\Projects\Lesson48\Debug\link-cvtres.write.1.tlog
C:\Users\sms_admin\Documents\Visual Studio 2012\Projects\Lesson48\Debug\link-rc.read.1.tlog
C:\Users\sms_admin\Documents\Visual Studio 2012\Projects\Lesson48\Debug\link-rc.write.1.tlog
C:\Users\sms_admin\Documents\Visual Studio 2012\Projects\Lesson48\Debug\link.command.1.tlog
C:\Users\sms_admin\Documents\Visual Studio 2012\Projects\Lesson48\Debug\link.read.1.tlog
C:\Users\sms_admin\Documents\Visual Studio 2012\Projects\Lesson48\Debug\link.write.1.tlog
C:\Users\sms_admin\Documents\Visual Studio 2012\Projects\Lesson48\Debug\vc110.idb
C:\Users\sms_admin\Documents\Visual Studio 2012\Projects\Lesson48\Debug\Homework1.pdb
C:\Users\sms_admin\Documents\Visual Studio 2012\Projects\Lesson48\Debug\vc110.pdb
C:\Users\sms_admin\Documents\Visual Studio 2012\Projects\Lesson48\.\Debug\Lesson48.exe
